mainProgram.py[LINE:11]# INFO     [2019-04-20 09:00:42,192]  This is an info message
mainProgram.py[LINE:12]# WARNING  [2019-04-20 09:00:42,192]  This is a warning
mainProgram.py[LINE:13]# ERROR    [2019-04-20 09:00:42,192]  This is an error message
mainProgram.py[LINE:14]# CRITICAL [2019-04-20 09:00:42,192]  FATAL!!!
mainProgram.py[LINE:60]# ERROR    [2019-04-20 09:01:05,647]  Неправильный ввод!
Traceback (most recent call last):
  File "C:/Users/andre/PycharmProjects/ISP/mainProgram.py", line 55, in worker_control
    birthday = list(map(int, input("Введите день рождения в формате (2017.4.18):").split(".")))
ValueError: invalid literal for int() with base 10: 'gdgfdhfhd'
mainProgram.py[LINE:80]# ERROR    [2019-04-20 09:02:13,715]  Неправильный ввод!
Traceback (most recent call last):
  File "C:/Users/andre/PycharmProjects/ISP/mainProgram.py", line 77, in worker_control
    num = int(input("\nВведите номер работника:"))
ValueError: invalid literal for int() with base 10: 'павпв'
mainProgram.py[LINE:11]# INFO     [2019-04-20 09:09:40,951]  This is an info message
mainProgram.py[LINE:12]# WARNING  [2019-04-20 09:09:40,951]  This is a warning
mainProgram.py[LINE:13]# ERROR    [2019-04-20 09:09:40,951]  This is an error message
mainProgram.py[LINE:14]# CRITICAL [2019-04-20 09:09:40,951]  FATAL!!!
mainProgram.py[LINE:60]# ERROR    [2019-04-20 09:09:56,387]  Неправильный ввод!
Traceback (most recent call last):
  File "C:/Users/andre/PycharmProjects/ISP/mainProgram.py", line 55, in worker_control
    birthday = list(map(int, input("Введите день рождения в формате (2017.4.18):").split(".")))
ValueError: invalid literal for int() with base 10: "sdfghjkl;';lkjhgf"
mainProgram.py[LINE:10]# DEBUG    [2019-04-27 23:53:50,463]  This is a debug message
mainProgram.py[LINE:11]# INFO     [2019-04-27 23:53:50,469]  This is an info message
mainProgram.py[LINE:12]# WARNING  [2019-04-27 23:53:50,469]  This is a warning
mainProgram.py[LINE:13]# ERROR    [2019-04-27 23:53:50,469]  This is an error message
mainProgram.py[LINE:14]# CRITICAL [2019-04-27 23:53:50,469]  FATAL!!!
mainProgram.py[LINE:12]# INFO     [2019-05-03 14:15:47,944]  This is an info message
mainProgram.py[LINE:13]# WARNING  [2019-05-03 14:15:47,949]  This is a warning
mainProgram.py[LINE:14]# ERROR    [2019-05-03 14:15:47,949]  This is an error message
mainProgram.py[LINE:15]# CRITICAL [2019-05-03 14:15:47,949]  FATAL!!!
mainProgram.py[LINE:12]# INFO     [2019-05-03 14:25:25,221]  This is an info message
mainProgram.py[LINE:13]# WARNING  [2019-05-03 14:25:25,221]  This is a warning
mainProgram.py[LINE:14]# ERROR    [2019-05-03 14:25:25,221]  This is an error message
mainProgram.py[LINE:15]# CRITICAL [2019-05-03 14:25:25,221]  FATAL!!!
mainProgram.py[LINE:12]# INFO     [2019-05-03 14:30:01,201]  This is an info message
mainProgram.py[LINE:13]# WARNING  [2019-05-03 14:30:01,201]  This is a warning
mainProgram.py[LINE:14]# ERROR    [2019-05-03 14:30:01,201]  This is an error message
mainProgram.py[LINE:15]# CRITICAL [2019-05-03 14:30:01,201]  FATAL!!!
mainProgram.py[LINE:12]# INFO     [2019-05-03 14:37:08,435]  This is an info message
mainProgram.py[LINE:13]# WARNING  [2019-05-03 14:37:08,435]  This is a warning
mainProgram.py[LINE:14]# ERROR    [2019-05-03 14:37:08,435]  This is an error message
mainProgram.py[LINE:15]# CRITICAL [2019-05-03 14:37:08,435]  FATAL!!!
mainProgram.py[LINE:12]# INFO     [2019-05-03 14:44:20,171]  This is an info message
mainProgram.py[LINE:13]# WARNING  [2019-05-03 14:44:20,171]  This is a warning
mainProgram.py[LINE:14]# ERROR    [2019-05-03 14:44:20,171]  This is an error message
mainProgram.py[LINE:15]# CRITICAL [2019-05-03 14:44:20,171]  FATAL!!!
mainProgram.py[LINE:12]# INFO     [2019-05-03 14:45:20,119]  This is an info message
mainProgram.py[LINE:13]# WARNING  [2019-05-03 14:45:20,119]  This is a warning
mainProgram.py[LINE:14]# ERROR    [2019-05-03 14:45:20,119]  This is an error message
mainProgram.py[LINE:15]# CRITICAL [2019-05-03 14:45:20,119]  FATAL!!!
mainProgram.py[LINE:12]# INFO     [2019-05-03 14:47:27,960]  This is an info message
mainProgram.py[LINE:13]# WARNING  [2019-05-03 14:47:27,960]  This is a warning
mainProgram.py[LINE:14]# ERROR    [2019-05-03 14:47:27,960]  This is an error message
mainProgram.py[LINE:15]# CRITICAL [2019-05-03 14:47:27,960]  FATAL!!!
mainProgram.py[LINE:12]# INFO     [2019-05-03 14:47:43,001]  This is an info message
mainProgram.py[LINE:13]# WARNING  [2019-05-03 14:47:43,001]  This is a warning
mainProgram.py[LINE:14]# ERROR    [2019-05-03 14:47:43,001]  This is an error message
mainProgram.py[LINE:15]# CRITICAL [2019-05-03 14:47:43,001]  FATAL!!!
mainProgram.py[LINE:12]# INFO     [2019-05-03 14:56:45,577]  This is an info message
mainProgram.py[LINE:13]# WARNING  [2019-05-03 14:56:45,577]  This is a warning
mainProgram.py[LINE:14]# ERROR    [2019-05-03 14:56:45,577]  This is an error message
mainProgram.py[LINE:15]# CRITICAL [2019-05-03 14:56:45,577]  FATAL!!!
